<?xml version="1.0" encoding="UTF-8"?>
<testng-results ignored="0" total="1" passed="1" failed="0" skipped="0">
  <reporter-output>
  </reporter-output>
  <suite started-at="2025-01-24T20:09:33 IST" name="Default suite" finished-at="2025-01-24T20:09:46 IST" duration-ms="13137">
    <groups>
    </groups>
    <test started-at="2025-01-24T20:09:33 IST" name="Default test" finished-at="2025-01-24T20:09:46 IST" duration-ms="13137">
      <class name="com.jala.qa.parentLayer.TestBase">
        <test-method signature="intilization()[pri:0, instance:com.jala.qa.parentLayer.TestBase@128d2484]" started-at="2025-01-24T20:09:33 IST" name="intilization" finished-at="2025-01-24T20:09:46 IST" duration-ms="12901" status="PASS">
          <reporter-output>
          </reporter-output>
        </test-method> <!-- intilization -->
      </class> <!-- com.jala.qa.parentLayer.TestBase -->
    </test> <!-- Default test -->
  </suite> <!-- Default suite -->
</testng-results>
